#
# A fatal error has been detected by the Java Runtime Environment:
#
#  EXCEPTION_ACCESS_VIOLATION (0xc0000005) at pc=0x0000000068f7e8c0, pid=3032, tid=2112
#
# JRE version: Java(TM) SE Runtime Environment (7.0_51-b13) (build 1.7.0_51-b13)
# Java VM: Java HotSpot(TM) 64-Bit Server VM (24.51-b03 mixed mode windows-amd64 compressed oops)
# Problematic frame:
# C  [atio6axx.dll+0x1ee8c0]
#
# Failed to write core dump. Minidumps are not enabled by default on client versions of Windows
#
# If you would like to submit a bug report, please visit:
#   http://bugreport.sun.com/bugreport/crash.jsp
# The crash happened outside the Java Virtual Machine in native code.
# See problematic frame for where to report the bug.
#

---------------  T H R E A D  ---------------

Current thread (0x0000000000ead800):  JavaThread "main" [_thread_in_native, id=2112, stack(0x0000000002610000,0x0000000002710000)]

siginfo: ExceptionCode=0xc0000005, reading address 0x0000000000000000

Registers:
RAX=0xffffffffffffd780, RBX=0x0000000000000001, RCX=0x000000001285d000, RDX=0x0000000000000000
RSP=0x000000000270e9a0, RBP=0x0000000000000002, RSI=0x0000000000000288, RDI=0x000000001285d000
R8 =0x0000000000000051, R9 =0x0000000000000000, R10=0x000000006a7258c0, R11=0x0000000000000000
R12=0x000000006a725678, R13=0x0000000000002880, R14=0x0000000000000002, R15=0x0000000000000010
RIP=0x0000000068f7e8c0, EFLAGS=0x0000000000010247

Top of Stack: (sp=0x000000000270e9a0)
0x000000000270e9a0:   0000000000000001 000000006908ee26
0x000000000270e9b0:   000000001084c660 000000000001d000
0x000000000270e9c0:   0000000000002880 0000000010488360
0x000000000270e9d0:   00000000106abb60 00000000697e502d
0x000000000270e9e0:   0000000000000001 00000000106abb60
0x000000000270e9f0:   000000006a725040 0000000000000000
0x000000000270ea00:   00000000106abb60 00000000697e5acc
0x000000000270ea10:   0000000010565da0 0000000010808f00
0x000000000270ea20:   0000000010657df0 00000000697e6523
0x000000000270ea30:   00000000105360b0 0000000010488360
0x000000000270ea40:   000000000a003d37 000000000f9dd680
0x000000000270ea50:   0000000010565da0 000000000270eb10
0x000000000270ea60:   0000000000000000 0000000000000000
0x000000000270ea70:   000000000e60aab0 0000000000000000
0x000000000270ea80:   0000000068d90000 0000000010488360
0x000000000270ea90:   000000000270eba0 00000000697e6523 

Instructions: (pc=0x0000000068f7e8c0)
0x0000000068f7e8a0:   f9 80 00 00 00 72 65 4d 8b c1 49 c1 e8 07 49 8b
0x0000000068f7e8b0:   c0 48 6b c0 80 4c 03 c8 0f 1f 84 00 00 00 00 00
0x0000000068f7e8c0:   0f 28 02 48 83 e9 80 48 83 ea 80 0f 2b 41 80 0f
0x0000000068f7e8d0:   28 42 90 0f 2b 41 90 0f 28 42 a0 0f 2b 41 a0 0f 


Register to memory mapping:

RAX=0xffffffffffffd780 is an unknown value
RBX=0x0000000000000001 is an unknown value
RCX=0x000000001285d000 is an unknown value
RDX=0x0000000000000000 is an unknown value
RSP=0x000000000270e9a0 is pointing into the stack for thread: 0x0000000000ead800
RBP=0x0000000000000002 is an unknown value
RSI=0x0000000000000288 is an unknown value
RDI=0x000000001285d000 is an unknown value
R8 =0x0000000000000051 is an unknown value
R9 =0x0000000000000000 is an unknown value
R10=0x000000006a7258c0 is an unknown value
R11=0x0000000000000000 is an unknown value
R12=0x000000006a725678 is an unknown value
R13=0x0000000000002880 is an unknown value
R14=0x0000000000000002 is an unknown value
R15=0x0000000000000010 is an unknown value


Stack: [0x0000000002610000,0x0000000002710000],  sp=0x000000000270e9a0,  free space=1018k
Native frames: (J=compiled Java code, j=interpreted, Vv=VM code, C=native code)
C  [atio6axx.dll+0x1ee8c0]

Java frames: (J=compiled Java code, j=interpreted, Vv=VM code)
j  org.lwjgl.opengl.GL11.nglDrawArrays(IIIJ)V+0
j  org.lwjgl.opengl.GL11.glDrawArrays(III)V+20
j  microcity.buffers.VertexBufferObject.render()V+29
j  microcity.voxels.Chunk.render()V+22
j  microcity.voxels.VoxelWorld.render()V+30
j  microcity.Game.render()V+57
j  microcity.GameBase.loop()V+70
j  microcity.GameBase.run()V+5
j  microcity.MicroCity.main([Ljava/lang/String;)V+16
v  ~StubRoutines::call_stub

---------------  P R O C E S S  ---------------

Java Threads: ( => current thread )
  0x000000000aee5000 JavaThread "Service Thread" daemon [_thread_blocked, id=3996, stack(0x000000000cf40000,0x000000000d040000)]
  0x000000000aee2000 JavaThread "C2 CompilerThread1" daemon [_thread_blocked, id=4952, stack(0x000000000ce40000,0x000000000cf40000)]
  0x000000000aede800 JavaThread "C2 CompilerThread0" daemon [_thread_blocked, id=2612, stack(0x000000000cd40000,0x000000000ce40000)]
  0x000000000aed3800 JavaThread "JDWP Command Reader" daemon [_thread_in_native, id=4848, stack(0x000000000cc40000,0x000000000cd40000)]
  0x000000000aed3000 JavaThread "JDWP Event Helper Thread" daemon [_thread_blocked, id=3368, stack(0x000000000cb40000,0x000000000cc40000)]
  0x000000000aeca000 JavaThread "JDWP Transport Listener: dt_shmem" daemon [_thread_blocked, id=2164, stack(0x000000000ca40000,0x000000000cb40000)]
  0x000000000aeb8000 JavaThread "Attach Listener" daemon [_thread_blocked, id=3992, stack(0x000000000c940000,0x000000000ca40000)]
  0x000000000aeb7000 JavaThread "Signal Dispatcher" daemon [_thread_blocked, id=3712, stack(0x000000000c840000,0x000000000c940000)]
  0x00000000028bc800 JavaThread "Finalizer" daemon [_thread_blocked, id=5052, stack(0x000000000c740000,0x000000000c840000)]
  0x000000000ae95800 JavaThread "Reference Handler" daemon [_thread_blocked, id=3732, stack(0x000000000c640000,0x000000000c740000)]
=>0x0000000000ead800 JavaThread "main" [_thread_in_native, id=2112, stack(0x0000000002610000,0x0000000002710000)]

Other Threads:
  0x000000000ae93800 VMThread [stack: 0x000000000c540000,0x000000000c640000] [id=1464]
  0x000000000d058800 WatcherThread [stack: 0x000000000d440000,0x000000000d540000] [id=4520]

VM state:not at safepoint (normal execution)

VM Mutex/Monitor currently owned by a thread: None

Heap
 PSYoungGen      total 38400K, used 9511K [0x00000007d5800000, 0x00000007d8280000, 0x0000000800000000)
  eden space 33280K, 28% used [0x00000007d5800000,0x00000007d6149dc0,0x00000007d7880000)
  from space 5120K, 0% used [0x00000007d7d80000,0x00000007d7d80000,0x00000007d8280000)
  to   space 5120K, 0% used [0x00000007d7880000,0x00000007d7880000,0x00000007d7d80000)
 ParOldGen       total 87040K, used 0K [0x0000000780800000, 0x0000000785d00000, 0x00000007d5800000)
  object space 87040K, 0% used [0x0000000780800000,0x0000000780800000,0x0000000785d00000)
 PSPermGen       total 21504K, used 4170K [0x000000077b600000, 0x000000077cb00000, 0x0000000780800000)
  object space 21504K, 19% used [0x000000077b600000,0x000000077ba12950,0x000000077cb00000)

Card table byte_map: [0x0000000005990000,0x0000000005dc0000] byte_map_base: 0x0000000001db5000

Polling page: 0x0000000000e60000

Code Cache  [0x00000000028d0000, 0x0000000002b40000, 0x00000000058d0000)
 total_blobs=307 nmethods=22 adapters=247 free_code_cache=48684Kb largest_free_block=49841216

Compilation events (10 events):
Event: 0.422 Thread 0x000000000aede800   17             java.lang.String::equals (81 bytes)
Event: 0.425 Thread 0x000000000aede800 nmethod 17 0x0000000002942790 code [0x00000000029428e0, 0x0000000002942bd8]
Event: 0.469 Thread 0x000000000aee2000   19             microcity.voxels.Block::<init> (5 bytes)
Event: 0.470 Thread 0x000000000aee2000 nmethod 19 0x0000000002944510 code [0x0000000002944640, 0x0000000002944698]
Event: 0.470 Thread 0x000000000aede800   20 %           microcity.voxels.Chunk::<init> @ 79 (129 bytes)
Event: 0.476 Thread 0x000000000aede800 nmethod 20% 0x0000000002945250 code [0x00000000029453c0, 0x0000000002945a18]
Event: 0.487 Thread 0x000000000aee2000   21             microcity.voxels.Chunk::get (11 bytes)
Event: 0.488 Thread 0x000000000aede800   22 %           microcity.voxels.Chunk::getVertices @ 43 (130 bytes)
Event: 0.488 Thread 0x000000000aee2000 nmethod 21 0x000000000293ecd0 code [0x000000000293ee20, 0x000000000293f018]
Event: 0.492 Thread 0x000000000aede800 nmethod 22% 0x0000000002946e10 code [0x0000000002946fc0, 0x0000000002947588]

GC Heap History (0 events):
No events

Deoptimization events (0 events):
No events

Internal exceptions (10 events):
Event: 0.460 Thread 0x0000000000ead800 Threw 0x00000007d5bf8108 at C:\re\jdk7u51\527\hotspot\src\share\vm\prims\jvm.cpp:1244
Event: 0.462 Thread 0x0000000000ead800 Threw 0x00000007d5bfa4f0 at C:\re\jdk7u51\527\hotspot\src\share\vm\prims\jvm.cpp:1244
Event: 0.463 Thread 0x0000000000ead800 Threw 0x00000007d5bfd170 at C:\re\jdk7u51\527\hotspot\src\share\vm\prims\jvm.cpp:1244
Event: 0.463 Thread 0x0000000000ead800 Threw 0x00000007d5bffc70 at C:\re\jdk7u51\527\hotspot\src\share\vm\prims\jvm.cpp:1244
Event: 0.464 Thread 0x0000000000ead800 Threw 0x00000007d5c031c8 at C:\re\jdk7u51\527\hotspot\src\share\vm\prims\jvm.cpp:1244
Event: 0.484 Thread 0x0000000000ead800 Threw 0x00000007d6119970 at C:\re\jdk7u51\527\hotspot\src\share\vm\prims\jvm.cpp:1244
Event: 0.484 Thread 0x0000000000ead800 Threw 0x00000007d611c040 at C:\re\jdk7u51\527\hotspot\src\share\vm\prims\jvm.cpp:1244
Event: 0.493 Thread 0x0000000000ead800 Threw 0x00000007d611f288 at C:\re\jdk7u51\527\hotspot\src\share\vm\prims\jvm.cpp:1244
Event: 0.496 Thread 0x0000000000ead800 Threw 0x00000007d6121d00 at C:\re\jdk7u51\527\hotspot\src\share\vm\prims\jvm.cpp:1244
Event: 0.498 Thread 0x0000000000ead800 Threw 0x00000007d612c7d0 at C:\re\jdk7u51\527\hotspot\src\share\vm\prims\jvm.cpp:1244

Events (10 events):
Event: 0.484 loading class 0x000000000d2c1f50
Event: 0.484 loading class 0x000000000d2c1f50 done
Event: 0.493 loading class 0x000000000d258950
Event: 0.493 loading class 0x000000000d258950 done
Event: 0.495 Executing VM operation: ChangeBreakpoints
Event: 0.495 Executing VM operation: ChangeBreakpoints done
Event: 0.496 loading class 0x000000000d2c1e00
Event: 0.496 loading class 0x000000000d2c1e00 done
Event: 0.498 loading class 0x000000000d21c910
Event: 0.498 loading class 0x000000000d21c910 done


Dynamic libraries:
0x00007ff791d50000 - 0x00007ff791d83000 	C:\Program Files\Java\jdk1.7.0_51\bin\java.exe
0x00007ffbc87b0000 - 0x00007ffbc8956000 	C:\windows\SYSTEM32\ntdll.dll
0x00007ffbc66c0000 - 0x00007ffbc67fa000 	C:\windows\system32\KERNEL32.DLL
0x00007ffbc5f20000 - 0x00007ffbc602f000 	C:\windows\system32\KERNELBASE.dll
0x00007ffbc4710000 - 0x00007ffbc4798000 	C:\windows\system32\apphelp.dll
0x00007ffbbcbe0000 - 0x00007ffbbcc2f000 	C:\windows\AppPatch\AppPatch64\AcGenral.DLL
0x00007ffbc8230000 - 0x00007ffbc82d7000 	C:\windows\system32\msvcrt.dll
0x00007ffbc59d0000 - 0x00007ffbc59fb000 	C:\windows\SYSTEM32\SspiCli.dll
0x00007ffbc82e0000 - 0x00007ffbc8331000 	C:\windows\system32\SHLWAPI.dll
0x00007ffbc8010000 - 0x00007ffbc8181000 	C:\windows\system32\USER32.dll
0x00007ffbc8340000 - 0x00007ffbc84b8000 	C:\windows\system32\ole32.dll
0x00007ffbc6b40000 - 0x00007ffbc7f4f000 	C:\windows\system32\SHELL32.dll
0x00007ffbc5170000 - 0x00007ffbc518e000 	C:\windows\SYSTEM32\USERENV.dll
0x00007ffbc65b0000 - 0x00007ffbc6655000 	C:\windows\system32\ADVAPI32.dll
0x00007ffbba9b0000 - 0x00007ffbba9cb000 	C:\windows\SYSTEM32\MPR.dll
0x00007ffbc85e0000 - 0x00007ffbc8717000 	C:\windows\system32\RPCRT4.dll
0x00007ffbc7fb0000 - 0x00007ffbc8007000 	C:\windows\SYSTEM32\sechost.dll
0x00007ffbc6800000 - 0x00007ffbc69d6000 	C:\windows\SYSTEM32\combase.dll
0x00007ffbc69e0000 - 0x00007ffbc6b24000 	C:\windows\system32\GDI32.dll
0x00007ffbc5b20000 - 0x00007ffbc5b34000 	C:\windows\SYSTEM32\profapi.dll
0x00007ffbc3f80000 - 0x00007ffbc401f000 	C:\windows\SYSTEM32\SHCORE.dll
0x00007ffbc85a0000 - 0x00007ffbc85d4000 	C:\windows\system32\IMM32.DLL
0x00007ffbc6030000 - 0x00007ffbc6169000 	C:\windows\system32\MSCTF.dll
0x00007ffbc3430000 - 0x00007ffbc368a000 	C:\windows\WinSxS\amd64_microsoft.windows.common-controls_6595b64144ccf1df_6.0.9600.17031_none_6242a4b3ecbb55a1\COMCTL32.dll
0x000000006ac30000 - 0x000000006ad02000 	C:\Program Files\Java\jdk1.7.0_51\jre\bin\msvcr100.dll
0x000000006ad10000 - 0x000000006b4d9000 	C:\Program Files\Java\jdk1.7.0_51\jre\bin\server\jvm.dll
0x00007ffbb98d0000 - 0x00007ffbb98d9000 	C:\windows\SYSTEM32\WSOCK32.dll
0x00007ffbba9d0000 - 0x00007ffbba9ef000 	C:\windows\SYSTEM32\WINMM.dll
0x00007ffbc8590000 - 0x00007ffbc8597000 	C:\windows\system32\PSAPI.DLL
0x00007ffbc6660000 - 0x00007ffbc66b8000 	C:\windows\system32\WS2_32.dll
0x00007ffbba980000 - 0x00007ffbba9aa000 	C:\windows\SYSTEM32\WINMMBASE.dll
0x00007ffbc6b30000 - 0x00007ffbc6b39000 	C:\windows\system32\NSI.dll
0x00007ffbc5ed0000 - 0x00007ffbc5f1a000 	C:\windows\SYSTEM32\cfgmgr32.dll
0x00007ffbc4980000 - 0x00007ffbc49a6000 	C:\windows\SYSTEM32\DEVOBJ.dll
0x000000006abe0000 - 0x000000006abef000 	C:\Program Files\Java\jdk1.7.0_51\jre\bin\verify.dll
0x000000006abb0000 - 0x000000006abd8000 	C:\Program Files\Java\jdk1.7.0_51\jre\bin\java.dll
0x000000006b900000 - 0x000000006b935000 	C:\Program Files\Java\jdk1.7.0_51\jre\bin\jdwp.dll
0x000000006b8f0000 - 0x000000006b8f8000 	C:\Program Files\Java\jdk1.7.0_51\jre\bin\npt.dll
0x000000006ab90000 - 0x000000006aba5000 	C:\Program Files\Java\jdk1.7.0_51\jre\bin\zip.dll
0x0000000068d80000 - 0x0000000068d8b000 	C:\Program Files\Java\jdk1.7.0_51\jre\bin\dt_shmem.dll
0x0000000180000000 - 0x0000000180051000 	E:\dev\lib\lwjgl2\native\windows\lwjgl64.dll
0x00007ffbafde0000 - 0x00007ffbaff01000 	C:\windows\SYSTEM32\OPENGL32.dll
0x00007ffbc36c0000 - 0x00007ffbc36ca000 	C:\windows\SYSTEM32\VERSION.dll
0x00007ffbb9be0000 - 0x00007ffbb9c0c000 	C:\windows\SYSTEM32\GLU32.dll
0x00007ffbafce0000 - 0x00007ffbafdd4000 	C:\windows\SYSTEM32\DDRAW.dll
0x00007ffbb9bd0000 - 0x00007ffbb9bd9000 	C:\windows\SYSTEM32\DCIMAN32.dll
0x00007ffbc4800000 - 0x00007ffbc4921000 	C:\windows\system32\uxtheme.dll
0x00007ffbc3db0000 - 0x00007ffbc3dd0000 	C:\windows\system32\dwmapi.dll
0x00007ffbb9bb0000 - 0x00007ffbb9bc8000 	C:\windows\SYSTEM32\atig6pxx.dll
0x0000000068d90000 - 0x000000006a8d0000 	C:\windows\SYSTEM32\atio6axx.dll
0x00007ffbc6230000 - 0x00007ffbc6404000 	C:\windows\system32\SETUPAPI.dll
0x00007ffbc20f0000 - 0x00007ffbc221f000 	C:\windows\SYSTEM32\atiadlxx.dll
0x00007ffbc0e10000 - 0x00007ffbc0f7f000 	C:\windows\SYSTEM32\PROPSYS.dll
0x00007ffbc47a0000 - 0x00007ffbc47b1000 	C:\windows\SYSTEM32\WTSAPI32.dll
0x00007ffbc1280000 - 0x00007ffbc12a9000 	C:\windows\SYSTEM32\IPHLPAPI.DLL
0x00007ffbc84c0000 - 0x00007ffbc8581000 	C:\windows\system32\OLEAUT32.dll
0x00007ffbc24d0000 - 0x00007ffbc24da000 	C:\windows\SYSTEM32\WINNSI.DLL
0x00007ffbc5e80000 - 0x00007ffbc5ecc000 	C:\windows\system32\WINTRUST.dll
0x00007ffbc5ca0000 - 0x00007ffbc5e7f000 	C:\windows\system32\CRYPT32.dll
0x00007ffbc5bd0000 - 0x00007ffbc5be2000 	C:\windows\system32\MSASN1.dll
0x00007ffbafcb0000 - 0x00007ffbafcd9000 	C:\windows\SYSTEM32\atig6txx.dll
0x00007ffbc49d0000 - 0x00007ffbc49da000 	C:\windows\SYSTEM32\kernel.appcore.dll
0x00007ffbc5a60000 - 0x00007ffbc5a6a000 	C:\windows\SYSTEM32\CRYPTBASE.dll
0x00007ffbc5a00000 - 0x00007ffbc5a60000 	C:\windows\SYSTEM32\bcryptPrimitives.dll
0x00007ffbbcb50000 - 0x00007ffbbcbdd000 	C:\windows\SYSTEM32\mscms.dll
0x00007ffbb9f80000 - 0x00007ffbb9fc1000 	C:\windows\SYSTEM32\icm32.dll
0x00007ffbc32a0000 - 0x00007ffbc3428000 	C:\windows\SYSTEM32\dbghelp.dll

VM Arguments:
jvm_args: -Xdebug -Xrunjdwp:transport=dt_shmem,address=javadebug -Dfile.encoding=UTF-8 -Djava.library.path=E:\dev\lib\lwjgl2\native\windows 
java_command: microcity.MicroCity
Launcher Type: SUN_STANDARD

Environment Variables:
JAVA_HOME=E:\Program Files\Java\jdk1.7.0_71\jre
PATH=C:\Program Files (x86)\NVIDIA Corporation\PhysX\Common;C:\windows\system32;C:\windows;C:\windows\System32\Wbem;C:\windows\System32\WindowsPowerShell\v1.0\;C:\Program Files (x86)\Windows Live\Shared;c:\Program Files (x86)\ATI Technologies\ATI.ACE\Core-Static;C:\HaxeToolkit\haxe;C:\HaxeToolkit\neko;C:\Program Files\Microsoft SQL Server\110\Tools\Binn\;C:\Program Files (x86)\GtkSharp\2.12\bin;C:\Users\Erik\Projects\ruby\autotile;C:\Ruby193\bin;C:\Program Files (x86)\QuickTime\QTSystem\;C:\Program Files (x86)\Windows Kits\8.1\Windows Performance Toolkit\;C:\Program Files (x86)\Microsoft SDKs\TypeScript\1.0\;c:\jruby-1.7.13\bin;C:\Chocolatey\bin;;C:\HaxeToolkit\haxe\;C:\HaxeToolkit\neko
USERNAME=Erik
OS=Windows_NT
PROCESSOR_IDENTIFIER=AMD64 Family 21 Model 2 Stepping 0, AuthenticAMD



---------------  S Y S T E M  ---------------

OS: Windows 8 , 64 bit Build 9200 

CPU:total 6 (6 cores per cpu, 1 threads per core) family 21 model 2 stepping 0, cmov, cx8, fxsr, mmx, sse, sse2, sse3, ssse3, sse4.1, sse4.2, popcnt, avx, aes, mmxext, 3dnowpref, lzcnt, sse4a, tsc, tscinvbit, tscinv

Memory: 4k page, physical 8351628k(5081092k free), swap 16740236k(12732252k free)

vm_info: Java HotSpot(TM) 64-Bit Server VM (24.51-b03) for windows-amd64 JRE (1.7.0_51-b13), built on Dec 18 2013 18:40:56 by "java_re" with unknown MS VC++:1600

time: Wed Dec 10 17:37:27 2014
elapsed time: 0 seconds

