#
# A fatal error has been detected by the Java Runtime Environment:
#
#  EXCEPTION_ACCESS_VIOLATION (0xc0000005) at pc=0x0000000068f7e8c0, pid=4920, tid=3388
#
# JRE version: Java(TM) SE Runtime Environment (7.0_51-b13) (build 1.7.0_51-b13)
# Java VM: Java HotSpot(TM) 64-Bit Server VM (24.51-b03 mixed mode windows-amd64 compressed oops)
# Problematic frame:
# C  [atio6axx.dll+0x1ee8c0]
#
# Failed to write core dump. Minidumps are not enabled by default on client versions of Windows
#
# If you would like to submit a bug report, please visit:
#   http://bugreport.sun.com/bugreport/crash.jsp
# The crash happened outside the Java Virtual Machine in native code.
# See problematic frame for where to report the bug.
#

---------------  T H R E A D  ---------------

Current thread (0x000000000258d800):  JavaThread "main" [_thread_in_native, id=3388, stack(0x0000000002470000,0x0000000002570000)]

siginfo: ExceptionCode=0xc0000005, reading address 0x0000000000000000

Registers:
RAX=0xfffffffffffffb80, RBX=0x0000000000000001, RCX=0x000000001099d000, RDX=0x0000000000000000
RSP=0x000000000256e910, RBP=0x0000000000000002, RSI=0x0000000000000048, RDI=0x000000001099d000
R8 =0x0000000000000009, R9 =0x0000000000000000, R10=0x000000006a7258c0, R11=0x0000000000000000
R12=0x000000006a725678, R13=0x0000000000000480, R14=0x0000000000000002, R15=0x0000000000000010
RIP=0x0000000068f7e8c0, EFLAGS=0x0000000000010247

Top of Stack: (sp=0x000000000256e910)
0x000000000256e910:   0000000000000001 000000006908ee26
0x000000000256e920:   000000001057c660 000000000001d000
0x000000000256e930:   0000000000000480 00000000101b8360
0x000000000256e940:   00000000103db8e0 00000000697e502d
0x000000000256e950:   0000000000000001 00000000103db8e0
0x000000000256e960:   000000006a725040 0000000000000000
0x000000000256e970:   00000000103db8e0 00000000697e5acc
0x000000000256e980:   00000000102963d0 0000000010538560
0x000000000256e990:   0000000010387df0 00000000697e6523
0x000000000256e9a0:   0000000010268b30 00000000101b8360
0x000000000256e9b0:   000000000a003d37 000000000f70d680
0x000000000256e9c0:   00000000102963d0 000000000256ea80
0x000000000256e9d0:   0000000000000000 0000000000000000
0x000000000256e9e0:   000000000e33aab0 0000000000000000
0x000000000256e9f0:   0000000068d90000 00000000101b8360
0x000000000256ea00:   000000000256eb10 00000000697e6523 

Instructions: (pc=0x0000000068f7e8c0)
0x0000000068f7e8a0:   f9 80 00 00 00 72 65 4d 8b c1 49 c1 e8 07 49 8b
0x0000000068f7e8b0:   c0 48 6b c0 80 4c 03 c8 0f 1f 84 00 00 00 00 00
0x0000000068f7e8c0:   0f 28 02 48 83 e9 80 48 83 ea 80 0f 2b 41 80 0f
0x0000000068f7e8d0:   28 42 90 0f 2b 41 90 0f 28 42 a0 0f 2b 41 a0 0f 


Register to memory mapping:

RAX=0xfffffffffffffb80 is an unknown value
RBX=0x0000000000000001 is an unknown value
RCX=0x000000001099d000 is an unknown value
RDX=0x0000000000000000 is an unknown value
RSP=0x000000000256e910 is pointing into the stack for thread: 0x000000000258d800
RBP=0x0000000000000002 is an unknown value
RSI=0x0000000000000048 is an unknown value
RDI=0x000000001099d000 is an unknown value
R8 =0x0000000000000009 is an unknown value
R9 =0x0000000000000000 is an unknown value
R10=0x000000006a7258c0 is an unknown value
R11=0x0000000000000000 is an unknown value
R12=0x000000006a725678 is an unknown value
R13=0x0000000000000480 is an unknown value
R14=0x0000000000000002 is an unknown value
R15=0x0000000000000010 is an unknown value


Stack: [0x0000000002470000,0x0000000002570000],  sp=0x000000000256e910,  free space=1018k
Native frames: (J=compiled Java code, j=interpreted, Vv=VM code, C=native code)
C  [atio6axx.dll+0x1ee8c0]

Java frames: (J=compiled Java code, j=interpreted, Vv=VM code)
j  org.lwjgl.opengl.GL11.nglDrawArrays(IIIJ)V+0
j  org.lwjgl.opengl.GL11.glDrawArrays(III)V+20
j  microcity.buffers.VertexBufferObject.render()V+28
j  microcity.voxels.Chunk.render()V+15
j  microcity.voxels.VoxelWorld.render()V+30
j  microcity.Game.render()V+57
j  microcity.GameBase.loop()V+70
j  microcity.GameBase.run()V+5
j  microcity.MicroCity.main([Ljava/lang/String;)V+16
v  ~StubRoutines::call_stub

---------------  P R O C E S S  ---------------

Java Threads: ( => current thread )
  0x000000000ac48000 JavaThread "Service Thread" daemon [_thread_blocked, id=1620, stack(0x000000000cce0000,0x000000000cde0000)]
  0x000000000ac45800 JavaThread "C2 CompilerThread1" daemon [_thread_blocked, id=3260, stack(0x000000000cbe0000,0x000000000cce0000)]
  0x000000000ac42000 JavaThread "C2 CompilerThread0" daemon [_thread_blocked, id=5100, stack(0x000000000cae0000,0x000000000cbe0000)]
  0x000000000ac33000 JavaThread "JDWP Command Reader" daemon [_thread_in_native, id=4828, stack(0x000000000c9e0000,0x000000000cae0000)]
  0x000000000ac32000 JavaThread "JDWP Event Helper Thread" daemon [_thread_blocked, id=3020, stack(0x000000000c8e0000,0x000000000c9e0000)]
  0x000000000ac29000 JavaThread "JDWP Transport Listener: dt_shmem" daemon [_thread_blocked, id=1748, stack(0x000000000c7e0000,0x000000000c8e0000)]
  0x000000000268e000 JavaThread "Attach Listener" daemon [_thread_blocked, id=4620, stack(0x000000000c6d0000,0x000000000c7d0000)]
  0x000000000ac17800 JavaThread "Signal Dispatcher" daemon [_thread_blocked, id=1464, stack(0x000000000c5d0000,0x000000000c6d0000)]
  0x000000000267d800 JavaThread "Finalizer" daemon [_thread_blocked, id=160, stack(0x000000000c4d0000,0x000000000c5d0000)]
  0x000000000abf6000 JavaThread "Reference Handler" daemon [_thread_blocked, id=3912, stack(0x000000000c3d0000,0x000000000c4d0000)]
=>0x000000000258d800 JavaThread "main" [_thread_in_native, id=3388, stack(0x0000000002470000,0x0000000002570000)]

Other Threads:
  0x000000000abf4000 VMThread [stack: 0x000000000c2d0000,0x000000000c3d0000] [id=4924]
  0x000000000cdf8800 WatcherThread [stack: 0x000000000d1e0000,0x000000000d2e0000] [id=3456]

VM state:not at safepoint (normal execution)

VM Mutex/Monitor currently owned by a thread: None

Heap
 PSYoungGen      total 38400K, used 9460K [0x00000007d5800000, 0x00000007d8280000, 0x0000000800000000)
  eden space 33280K, 28% used [0x00000007d5800000,0x00000007d613d100,0x00000007d7880000)
  from space 5120K, 0% used [0x00000007d7d80000,0x00000007d7d80000,0x00000007d8280000)
  to   space 5120K, 0% used [0x00000007d7880000,0x00000007d7880000,0x00000007d7d80000)
 ParOldGen       total 87040K, used 0K [0x0000000780800000, 0x0000000785d00000, 0x00000007d5800000)
  object space 87040K, 0% used [0x0000000780800000,0x0000000780800000,0x0000000785d00000)
 PSPermGen       total 21504K, used 4170K [0x000000077b600000, 0x000000077cb00000, 0x0000000780800000)
  object space 21504K, 19% used [0x000000077b600000,0x000000077ba128f0,0x000000077cb00000)

Card table byte_map: [0x0000000005690000,0x0000000005ac0000] byte_map_base: 0x0000000001ab5000

Polling page: 0x0000000000c40000

Code Cache  [0x0000000002690000, 0x0000000002900000, 0x0000000005690000)
 total_blobs=307 nmethods=22 adapters=247 free_code_cache=48684Kb largest_free_block=49841536

Compilation events (10 events):
Event: 0.385 Thread 0x000000000ac42000   17             java.lang.String::equals (81 bytes)
Event: 0.388 Thread 0x000000000ac42000 nmethod 17 0x0000000002702650 code [0x00000000027027a0, 0x0000000002702a98]
Event: 0.427 Thread 0x000000000ac45800   19             microcity.voxels.Block::<init> (5 bytes)
Event: 0.427 Thread 0x000000000ac45800 nmethod 19 0x00000000027043d0 code [0x0000000002704500, 0x0000000002704558]
Event: 0.427 Thread 0x000000000ac42000   20 %           microcity.voxels.Chunk::<init> @ 79 (129 bytes)
Event: 0.433 Thread 0x000000000ac42000 nmethod 20% 0x0000000002705110 code [0x0000000002705280, 0x00000000027058d8]
Event: 0.440 Thread 0x000000000ac45800   21             microcity.voxels.Chunk::get (11 bytes)
Event: 0.441 Thread 0x000000000ac42000   22 %           microcity.voxels.Chunk::getVertices @ 43 (130 bytes)
Event: 0.441 Thread 0x000000000ac45800 nmethod 21 0x00000000026feb90 code [0x00000000026fece0, 0x00000000026feed8]
Event: 0.445 Thread 0x000000000ac42000 nmethod 22% 0x0000000002706cd0 code [0x0000000002706e80, 0x0000000002707448]

GC Heap History (0 events):
No events

Deoptimization events (0 events):
No events

Internal exceptions (10 events):
Event: 0.421 Thread 0x000000000258d800 Threw 0x00000007d5bf8108 at C:\re\jdk7u51\527\hotspot\src\share\vm\prims\jvm.cpp:1244
Event: 0.421 Thread 0x000000000258d800 Threw 0x00000007d5bfa4f0 at C:\re\jdk7u51\527\hotspot\src\share\vm\prims\jvm.cpp:1244
Event: 0.422 Thread 0x000000000258d800 Threw 0x00000007d5bfd170 at C:\re\jdk7u51\527\hotspot\src\share\vm\prims\jvm.cpp:1244
Event: 0.423 Thread 0x000000000258d800 Threw 0x00000007d5bffc70 at C:\re\jdk7u51\527\hotspot\src\share\vm\prims\jvm.cpp:1244
Event: 0.424 Thread 0x000000000258d800 Threw 0x00000007d5c02558 at C:\re\jdk7u51\527\hotspot\src\share\vm\prims\jvm.cpp:1244
Event: 0.436 Thread 0x000000000258d800 Threw 0x00000007d6118cb0 at C:\re\jdk7u51\527\hotspot\src\share\vm\prims\jvm.cpp:1244
Event: 0.437 Thread 0x000000000258d800 Threw 0x00000007d611b3b0 at C:\re\jdk7u51\527\hotspot\src\share\vm\prims\jvm.cpp:1244
Event: 0.438 Thread 0x000000000258d800 Threw 0x00000007d611dea0 at C:\re\jdk7u51\527\hotspot\src\share\vm\prims\jvm.cpp:1244
Event: 0.446 Thread 0x000000000258d800 Threw 0x00000007d6121050 at C:\re\jdk7u51\527\hotspot\src\share\vm\prims\jvm.cpp:1244
Event: 0.448 Thread 0x000000000258d800 Threw 0x00000007d612bb20 at C:\re\jdk7u51\527\hotspot\src\share\vm\prims\jvm.cpp:1244

Events (10 events):
Event: 0.436 loading class 0x000000000ce0c840
Event: 0.436 loading class 0x000000000ce0c840 done
Event: 0.437 loading class 0x000000000cf7ca80
Event: 0.437 loading class 0x000000000cf7ca80 done
Event: 0.438 loading class 0x0000000010b24850
Event: 0.438 loading class 0x0000000010b24850 done
Event: 0.446 loading class 0x000000000ac4eb90
Event: 0.446 loading class 0x000000000ac4eb90 done
Event: 0.448 loading class 0x000000000cf8cb20
Event: 0.448 loading class 0x000000000cf8cb20 done


Dynamic libraries:
0x00007ff791d50000 - 0x00007ff791d83000 	C:\Program Files\Java\jdk1.7.0_51\bin\java.exe
0x00007ffbc87b0000 - 0x00007ffbc8956000 	C:\windows\SYSTEM32\ntdll.dll
0x00007ffbc66c0000 - 0x00007ffbc67fa000 	C:\windows\system32\KERNEL32.DLL
0x00007ffbc5f20000 - 0x00007ffbc602f000 	C:\windows\system32\KERNELBASE.dll
0x00007ffbc4710000 - 0x00007ffbc4798000 	C:\windows\system32\apphelp.dll
0x00007ffbbcb10000 - 0x00007ffbbcb5f000 	C:\windows\AppPatch\AppPatch64\AcGenral.DLL
0x00007ffbc8230000 - 0x00007ffbc82d7000 	C:\windows\system32\msvcrt.dll
0x00007ffbc59d0000 - 0x00007ffbc59fb000 	C:\windows\SYSTEM32\SspiCli.dll
0x00007ffbc82e0000 - 0x00007ffbc8331000 	C:\windows\system32\SHLWAPI.dll
0x00007ffbc8010000 - 0x00007ffbc8181000 	C:\windows\system32\USER32.dll
0x00007ffbc8340000 - 0x00007ffbc84b8000 	C:\windows\system32\ole32.dll
0x00007ffbc6b40000 - 0x00007ffbc7f4f000 	C:\windows\system32\SHELL32.dll
0x00007ffbc5170000 - 0x00007ffbc518e000 	C:\windows\SYSTEM32\USERENV.dll
0x00007ffbc65b0000 - 0x00007ffbc6655000 	C:\windows\system32\ADVAPI32.dll
0x00007ffbba9b0000 - 0x00007ffbba9cb000 	C:\windows\SYSTEM32\MPR.dll
0x00007ffbc85e0000 - 0x00007ffbc8717000 	C:\windows\system32\RPCRT4.dll
0x00007ffbc7fb0000 - 0x00007ffbc8007000 	C:\windows\SYSTEM32\sechost.dll
0x00007ffbc6800000 - 0x00007ffbc69d6000 	C:\windows\SYSTEM32\combase.dll
0x00007ffbc69e0000 - 0x00007ffbc6b24000 	C:\windows\system32\GDI32.dll
0x00007ffbc5b20000 - 0x00007ffbc5b34000 	C:\windows\SYSTEM32\profapi.dll
0x00007ffbc3f80000 - 0x00007ffbc401f000 	C:\windows\SYSTEM32\SHCORE.dll
0x00007ffbc85a0000 - 0x00007ffbc85d4000 	C:\windows\system32\IMM32.DLL
0x00007ffbc6030000 - 0x00007ffbc6169000 	C:\windows\system32\MSCTF.dll
0x00007ffbc3430000 - 0x00007ffbc368a000 	C:\windows\WinSxS\amd64_microsoft.windows.common-controls_6595b64144ccf1df_6.0.9600.17031_none_6242a4b3ecbb55a1\COMCTL32.dll
0x000000006ac30000 - 0x000000006ad02000 	C:\Program Files\Java\jdk1.7.0_51\jre\bin\msvcr100.dll
0x000000006ad10000 - 0x000000006b4d9000 	C:\Program Files\Java\jdk1.7.0_51\jre\bin\server\jvm.dll
0x00007ffbb98d0000 - 0x00007ffbb98d9000 	C:\windows\SYSTEM32\WSOCK32.dll
0x00007ffbba9d0000 - 0x00007ffbba9ef000 	C:\windows\SYSTEM32\WINMM.dll
0x00007ffbc8590000 - 0x00007ffbc8597000 	C:\windows\system32\PSAPI.DLL
0x00007ffbc6660000 - 0x00007ffbc66b8000 	C:\windows\system32\WS2_32.dll
0x00007ffbba980000 - 0x00007ffbba9aa000 	C:\windows\SYSTEM32\WINMMBASE.dll
0x00007ffbc6b30000 - 0x00007ffbc6b39000 	C:\windows\system32\NSI.dll
0x00007ffbc5ed0000 - 0x00007ffbc5f1a000 	C:\windows\SYSTEM32\cfgmgr32.dll
0x00007ffbc4980000 - 0x00007ffbc49a6000 	C:\windows\SYSTEM32\DEVOBJ.dll
0x000000006abe0000 - 0x000000006abef000 	C:\Program Files\Java\jdk1.7.0_51\jre\bin\verify.dll
0x000000006abb0000 - 0x000000006abd8000 	C:\Program Files\Java\jdk1.7.0_51\jre\bin\java.dll
0x000000006b900000 - 0x000000006b935000 	C:\Program Files\Java\jdk1.7.0_51\jre\bin\jdwp.dll
0x000000006b8f0000 - 0x000000006b8f8000 	C:\Program Files\Java\jdk1.7.0_51\jre\bin\npt.dll
0x000000006ab90000 - 0x000000006aba5000 	C:\Program Files\Java\jdk1.7.0_51\jre\bin\zip.dll
0x0000000068d80000 - 0x0000000068d8b000 	C:\Program Files\Java\jdk1.7.0_51\jre\bin\dt_shmem.dll
0x0000000180000000 - 0x0000000180051000 	E:\dev\lib\lwjgl2\native\windows\lwjgl64.dll
0x00007ffbafde0000 - 0x00007ffbaff01000 	C:\windows\SYSTEM32\OPENGL32.dll
0x00007ffbc36c0000 - 0x00007ffbc36ca000 	C:\windows\SYSTEM32\VERSION.dll
0x00007ffbb9be0000 - 0x00007ffbb9c0c000 	C:\windows\SYSTEM32\GLU32.dll
0x00007ffbafce0000 - 0x00007ffbafdd4000 	C:\windows\SYSTEM32\DDRAW.dll
0x00007ffbb9bd0000 - 0x00007ffbb9bd9000 	C:\windows\SYSTEM32\DCIMAN32.dll
0x00007ffbc4800000 - 0x00007ffbc4921000 	C:\windows\system32\uxtheme.dll
0x00007ffbc3db0000 - 0x00007ffbc3dd0000 	C:\windows\system32\dwmapi.dll
0x00007ffbb9bb0000 - 0x00007ffbb9bc8000 	C:\windows\SYSTEM32\atig6pxx.dll
0x0000000068d90000 - 0x000000006a8d0000 	C:\windows\SYSTEM32\atio6axx.dll
0x00007ffbc6230000 - 0x00007ffbc6404000 	C:\windows\system32\SETUPAPI.dll
0x00007ffbc20f0000 - 0x00007ffbc221f000 	C:\windows\SYSTEM32\atiadlxx.dll
0x00007ffbc0e10000 - 0x00007ffbc0f7f000 	C:\windows\SYSTEM32\PROPSYS.dll
0x00007ffbc47a0000 - 0x00007ffbc47b1000 	C:\windows\SYSTEM32\WTSAPI32.dll
0x00007ffbc1280000 - 0x00007ffbc12a9000 	C:\windows\SYSTEM32\IPHLPAPI.DLL
0x00007ffbc84c0000 - 0x00007ffbc8581000 	C:\windows\system32\OLEAUT32.dll
0x00007ffbc24d0000 - 0x00007ffbc24da000 	C:\windows\SYSTEM32\WINNSI.DLL
0x00007ffbc5e80000 - 0x00007ffbc5ecc000 	C:\windows\system32\WINTRUST.dll
0x00007ffbc5ca0000 - 0x00007ffbc5e7f000 	C:\windows\system32\CRYPT32.dll
0x00007ffbc5bd0000 - 0x00007ffbc5be2000 	C:\windows\system32\MSASN1.dll
0x00007ffbafcb0000 - 0x00007ffbafcd9000 	C:\windows\SYSTEM32\atig6txx.dll
0x00007ffbc49d0000 - 0x00007ffbc49da000 	C:\windows\SYSTEM32\kernel.appcore.dll
0x00007ffbc5a60000 - 0x00007ffbc5a6a000 	C:\windows\SYSTEM32\CRYPTBASE.dll
0x00007ffbc5a00000 - 0x00007ffbc5a60000 	C:\windows\SYSTEM32\bcryptPrimitives.dll
0x00007ffbb9a00000 - 0x00007ffbb9a8d000 	C:\windows\SYSTEM32\mscms.dll
0x00007ffbb9f80000 - 0x00007ffbb9fc1000 	C:\windows\SYSTEM32\icm32.dll
0x00007ffbc32a0000 - 0x00007ffbc3428000 	C:\windows\SYSTEM32\dbghelp.dll

VM Arguments:
jvm_args: -Xdebug -Xrunjdwp:transport=dt_shmem,address=javadebug -Dfile.encoding=UTF-8 -Djava.library.path=E:\dev\lib\lwjgl2\native\windows 
java_command: microcity.MicroCity
Launcher Type: SUN_STANDARD

Environment Variables:
JAVA_HOME=E:\Program Files\Java\jdk1.7.0_71\jre
PATH=C:\Program Files (x86)\NVIDIA Corporation\PhysX\Common;C:\windows\system32;C:\windows;C:\windows\System32\Wbem;C:\windows\System32\WindowsPowerShell\v1.0\;C:\Program Files (x86)\Windows Live\Shared;c:\Program Files (x86)\ATI Technologies\ATI.ACE\Core-Static;C:\HaxeToolkit\haxe;C:\HaxeToolkit\neko;C:\Program Files\Microsoft SQL Server\110\Tools\Binn\;C:\Program Files (x86)\GtkSharp\2.12\bin;C:\Users\Erik\Projects\ruby\autotile;C:\Ruby193\bin;C:\Program Files (x86)\QuickTime\QTSystem\;C:\Program Files (x86)\Windows Kits\8.1\Windows Performance Toolkit\;C:\Program Files (x86)\Microsoft SDKs\TypeScript\1.0\;c:\jruby-1.7.13\bin;C:\Chocolatey\bin;;C:\HaxeToolkit\haxe\;C:\HaxeToolkit\neko
USERNAME=Erik
OS=Windows_NT
PROCESSOR_IDENTIFIER=AMD64 Family 21 Model 2 Stepping 0, AuthenticAMD



---------------  S Y S T E M  ---------------

OS: Windows 8 , 64 bit Build 9200 

CPU:total 6 (6 cores per cpu, 1 threads per core) family 21 model 2 stepping 0, cmov, cx8, fxsr, mmx, sse, sse2, sse3, ssse3, sse4.1, sse4.2, popcnt, avx, aes, mmxext, 3dnowpref, lzcnt, sse4a, tsc, tscinvbit, tscinv

Memory: 4k page, physical 8351628k(5003840k free), swap 16740236k(12617260k free)

vm_info: Java HotSpot(TM) 64-Bit Server VM (24.51-b03) for windows-amd64 JRE (1.7.0_51-b13), built on Dec 18 2013 18:40:56 by "java_re" with unknown MS VC++:1600

time: Wed Dec 10 17:24:29 2014
elapsed time: 0 seconds

